<?xml version="1.0" encoding="UTF-8"?>
<!-- Generated by org.testng.reporters.JUnitReportReporter -->
<testsuite skipped="0" hostname="CDC2-D-CJ1QXJ2" name="case_study.TestMe" tests="1" failures="0" timestamp="16 Jul 2019 11:48:07 GMT" time="30.418" errors="0">
  <testcase name="Login" time="30.418" classname="case_study.TestMe"/>
</testsuite> <!-- case_study.TestMe -->
